<?xml version="1.0" encoding="UTF-8"?>
<testsuite xmlns:xsi="http://www.w3.org/2001/XMLSchema-instance" xsi:noNamespaceSchemaLocation="https://maven.apache.org/surefire/maven-surefire-plugin/xsd/surefire-test-report.xsd" name="MyTest" time="0.035" tests="10" errors="0" skipped="0" failures="0">
  <properties>
    <property name="awt.toolkit" value="sun.awt.X11.XToolkit"/>
    <property name="java.specification.version" value="11"/>
    <property name="sun.cpu.isalist" value=""/>
    <property name="sun.jnu.encoding" value="UTF-8"/>
    <property name="java.class.path" value="/home/majdbrt/Downloads/Books/Computer Science/CS 342/Project 4/Fall2021Project4_15Puzzle/Fall2021Project4_15Puzzle/target/test-classes:/home/majdbrt/Downloads/Books/Computer Science/CS 342/Project 4/Fall2021Project4_15Puzzle/Fall2021Project4_15Puzzle/target/classes:/home/majdbrt/.m2/repository/org/junit/jupiter/junit-jupiter/5.6.2/junit-jupiter-5.6.2.jar:/home/majdbrt/.m2/repository/org/junit/jupiter/junit-jupiter-api/5.6.2/junit-jupiter-api-5.6.2.jar:/home/majdbrt/.m2/repository/org/apiguardian/apiguardian-api/1.1.0/apiguardian-api-1.1.0.jar:/home/majdbrt/.m2/repository/org/opentest4j/opentest4j/1.2.0/opentest4j-1.2.0.jar:/home/majdbrt/.m2/repository/org/junit/platform/junit-platform-commons/1.6.2/junit-platform-commons-1.6.2.jar:/home/majdbrt/.m2/repository/org/junit/jupiter/junit-jupiter-params/5.6.2/junit-jupiter-params-5.6.2.jar:/home/majdbrt/.m2/repository/org/junit/jupiter/junit-jupiter-engine/5.6.2/junit-jupiter-engine-5.6.2.jar:/home/majdbrt/.m2/repository/org/junit/platform/junit-platform-engine/1.6.2/junit-platform-engine-1.6.2.jar:/home/majdbrt/.m2/repository/org/openjfx/javafx-controls/12.0.1/javafx-controls-12.0.1.jar:/home/majdbrt/.m2/repository/org/openjfx/javafx-controls/12.0.1/javafx-controls-12.0.1-linux.jar:/home/majdbrt/.m2/repository/org/openjfx/javafx-graphics/12.0.1/javafx-graphics-12.0.1.jar:/home/majdbrt/.m2/repository/org/openjfx/javafx-graphics/12.0.1/javafx-graphics-12.0.1-linux.jar:/home/majdbrt/.m2/repository/org/openjfx/javafx-base/12.0.1/javafx-base-12.0.1.jar:/home/majdbrt/.m2/repository/org/openjfx/javafx-base/12.0.1/javafx-base-12.0.1-linux.jar:/home/majdbrt/.m2/repository/org/openjfx/javafx-fxml/12/javafx-fxml-12.jar:/home/majdbrt/.m2/repository/org/openjfx/javafx-fxml/12/javafx-fxml-12-linux.jar:"/>
    <property name="java.vm.vendor" value="Ubuntu"/>
    <property name="sun.arch.data.model" value="64"/>
    <property name="java.vendor.url" value="https://ubuntu.com/"/>
    <property name="user.timezone" value=""/>
    <property name="java.vm.specification.version" value="11"/>
    <property name="os.name" value="Linux"/>
    <property name="sun.java.launcher" value="SUN_STANDARD"/>
    <property name="user.country" value="US"/>
    <property name="sun.boot.library.path" value="/usr/lib/jvm/java-11-openjdk-amd64/lib"/>
    <property name="sun.java.command" value="/home/majdbrt/Downloads/Books/Computer Science/CS 342/Project 4/Fall2021Project4_15Puzzle/Fall2021Project4_15Puzzle/target/surefire/surefirebooter4314379018910790895.jar /home/majdbrt/Downloads/Books/Computer Science/CS 342/Project 4/Fall2021Project4_15Puzzle/Fall2021Project4_15Puzzle/target/surefire 2021-12-05T19-22-11_621-jvmRun1 surefire3280084662634967526tmp surefire_012153030694071534282tmp"/>
    <property name="jdk.debug" value="release"/>
    <property name="surefire.test.class.path" value="/home/majdbrt/Downloads/Books/Computer Science/CS 342/Project 4/Fall2021Project4_15Puzzle/Fall2021Project4_15Puzzle/target/test-classes:/home/majdbrt/Downloads/Books/Computer Science/CS 342/Project 4/Fall2021Project4_15Puzzle/Fall2021Project4_15Puzzle/target/classes:/home/majdbrt/.m2/repository/org/junit/jupiter/junit-jupiter/5.6.2/junit-jupiter-5.6.2.jar:/home/majdbrt/.m2/repository/org/junit/jupiter/junit-jupiter-api/5.6.2/junit-jupiter-api-5.6.2.jar:/home/majdbrt/.m2/repository/org/apiguardian/apiguardian-api/1.1.0/apiguardian-api-1.1.0.jar:/home/majdbrt/.m2/repository/org/opentest4j/opentest4j/1.2.0/opentest4j-1.2.0.jar:/home/majdbrt/.m2/repository/org/junit/platform/junit-platform-commons/1.6.2/junit-platform-commons-1.6.2.jar:/home/majdbrt/.m2/repository/org/junit/jupiter/junit-jupiter-params/5.6.2/junit-jupiter-params-5.6.2.jar:/home/majdbrt/.m2/repository/org/junit/jupiter/junit-jupiter-engine/5.6.2/junit-jupiter-engine-5.6.2.jar:/home/majdbrt/.m2/repository/org/junit/platform/junit-platform-engine/1.6.2/junit-platform-engine-1.6.2.jar:/home/majdbrt/.m2/repository/org/openjfx/javafx-controls/12.0.1/javafx-controls-12.0.1.jar:/home/majdbrt/.m2/repository/org/openjfx/javafx-controls/12.0.1/javafx-controls-12.0.1-linux.jar:/home/majdbrt/.m2/repository/org/openjfx/javafx-graphics/12.0.1/javafx-graphics-12.0.1.jar:/home/majdbrt/.m2/repository/org/openjfx/javafx-graphics/12.0.1/javafx-graphics-12.0.1-linux.jar:/home/majdbrt/.m2/repository/org/openjfx/javafx-base/12.0.1/javafx-base-12.0.1.jar:/home/majdbrt/.m2/repository/org/openjfx/javafx-base/12.0.1/javafx-base-12.0.1-linux.jar:/home/majdbrt/.m2/repository/org/openjfx/javafx-fxml/12/javafx-fxml-12.jar:/home/majdbrt/.m2/repository/org/openjfx/javafx-fxml/12/javafx-fxml-12-linux.jar:"/>
    <property name="sun.cpu.endian" value="little"/>
    <property name="user.home" value="/home/majdbrt"/>
    <property name="user.language" value="en"/>
    <property name="java.specification.vendor" value="Oracle Corporation"/>
    <property name="java.version.date" value="2021-04-20"/>
    <property name="java.home" value="/usr/lib/jvm/java-11-openjdk-amd64"/>
    <property name="file.separator" value="/"/>
    <property name="basedir" value="/home/majdbrt/Downloads/Books/Computer Science/CS 342/Project 4/Fall2021Project4_15Puzzle/Fall2021Project4_15Puzzle"/>
    <property name="java.vm.compressedOopsMode" value="32-bit"/>
    <property name="line.separator" value="&#10;"/>
    <property name="java.specification.name" value="Java Platform API Specification"/>
    <property name="java.vm.specification.vendor" value="Oracle Corporation"/>
    <property name="java.awt.graphicsenv" value="sun.awt.X11GraphicsEnvironment"/>
    <property name="surefire.real.class.path" value="/home/majdbrt/Downloads/Books/Computer Science/CS 342/Project 4/Fall2021Project4_15Puzzle/Fall2021Project4_15Puzzle/target/surefire/surefirebooter4314379018910790895.jar"/>
    <property name="sun.management.compiler" value="HotSpot 64-Bit Tiered Compilers"/>
    <property name="java.runtime.version" value="11.0.11+9-Ubuntu-0ubuntu2.20.04"/>
    <property name="user.name" value="majdbrt"/>
    <property name="path.separator" value=":"/>
    <property name="os.version" value="5.4.0-91-generic"/>
    <property name="java.runtime.name" value="OpenJDK Runtime Environment"/>
    <property name="file.encoding" value="UTF-8"/>
    <property name="java.vm.name" value="OpenJDK 64-Bit Server VM"/>
    <property name="localRepository" value="/home/majdbrt/.m2/repository"/>
    <property name="java.vendor.url.bug" value="https://bugs.launchpad.net/ubuntu/+source/openjdk-lts"/>
    <property name="java.io.tmpdir" value="/tmp"/>
    <property name="java.version" value="11.0.11"/>
    <property name="user.dir" value="/home/majdbrt/Downloads/Books/Computer Science/CS 342/Project 4/Fall2021Project4_15Puzzle/Fall2021Project4_15Puzzle"/>
    <property name="os.arch" value="amd64"/>
    <property name="java.vm.specification.name" value="Java Virtual Machine Specification"/>
    <property name="java.awt.printerjob" value="sun.print.PSPrinterJob"/>
    <property name="sun.os.patch.level" value="unknown"/>
    <property name="java.library.path" value="/usr/java/packages/lib:/usr/lib/x86_64-linux-gnu/jni:/lib/x86_64-linux-gnu:/usr/lib/x86_64-linux-gnu:/usr/lib/jni:/lib:/usr/lib"/>
    <property name="java.vm.info" value="mixed mode, sharing"/>
    <property name="java.vendor" value="Ubuntu"/>
    <property name="java.vm.version" value="11.0.11+9-Ubuntu-0ubuntu2.20.04"/>
    <property name="sun.io.unicode.encoding" value="UnicodeLittle"/>
    <property name="java.class.version" value="55.0"/>
  </properties>
  <testcase name="copyArrayTest1" classname="MyTest" time="0.017"/>
  <testcase name="copyArrayTest2" classname="MyTest" time="0.001"/>
  <testcase name="goalTestTest1" classname="MyTest" time="0.002"/>
  <testcase name="goalTestTest2" classname="MyTest" time="0.001"/>
  <testcase name="findZeroTest1" classname="MyTest" time="0.001"/>
  <testcase name="findZeroTest2" classname="MyTest" time="0.001"/>
  <testcase name="getH1Test1" classname="MyTest" time="0.001"/>
  <testcase name="getH1Test2" classname="MyTest" time="0"/>
  <testcase name="moveZeroTest1" classname="MyTest" time="0"/>
  <testcase name="moveZeroTest2" classname="MyTest" time="0.001"/>
</testsuite>